<?xml version="1.0" encoding="UTF-8"?>
<testng-results ignored="0" total="1" passed="1" failed="0" skipped="0">
  <reporter-output>
  </reporter-output>
  <suite started-at="2021-07-27T10:17:13 PDT" name="Default suite" finished-at="2021-07-27T10:17:13 PDT" duration-ms="29">
    <groups>
    </groups>
    <test started-at="2021-07-27T10:17:13 PDT" name="Default test" finished-at="2021-07-27T10:17:13 PDT" duration-ms="29">
      <class name="xvweb.test_automation.App">
        <test-method signature="test()[pri:0, instance:xvweb.test_automation.App@1ffe63b9]" started-at="2021-07-27T10:17:13 PDT" name="test" finished-at="2021-07-27T10:17:13 PDT" duration-ms="5" status="PASS">
          <reporter-output>
          </reporter-output>
        </test-method> <!-- test -->
      </class> <!-- xvweb.test_automation.App -->
    </test> <!-- Default test -->
  </suite> <!-- Default suite -->
</testng-results>
